<?xml version="1.0" encoding="UTF-8"?>
<testsuite xmlns:xsi="http://www.w3.org/2001/XMLSchema-instance" xsi:noNamespaceSchemaLocation="https://maven.apache.org/surefire/maven-surefire-plugin/xsd/surefire-test-report.xsd" name="project.tft.jwt.AuthorizationServiceImplTest" time="0.095" tests="2" errors="0" skipped="0" failures="0">
  <properties>
[...]
</properties>
  <testcase name="generateAndValidateToken" classname="project.tft.jwt.AuthorizationServiceImplTest" time="0.025"/>
  <testcase name="generateToken" classname="project.tft.jwt.AuthorizationServiceImplTest" time="0.014"/>
</testsuite>